Determining if the pthread_create exist failed with the following output:
Change Dir: /home/lbz/github/all/review/muduo库/build/release-cpp11/CMakeFiles/CMakeTmp

Run Build Command:"/usr/bin/make" "cmTC_a297f/fast"
/usr/bin/make -f CMakeFiles/cmTC_a297f.dir/build.make CMakeFiles/cmTC_a297f.dir/build
make[1]: 进入目录“/home/lbz/github/all/review/muduo库/build/release-cpp11/CMakeFiles/CMakeTmp”
Building C object CMakeFiles/cmTC_a297f.dir/CheckSymbolExists.c.o
/usr/bin/cc    -o CMakeFiles/cmTC_a297f.dir/CheckSymbolExists.c.o   -c /home/lbz/github/all/review/muduo库/build/release-cpp11/CMakeFiles/CMakeTmp/CheckSymbolExists.c
Linking C executable cmTC_a297f
/usr/bin/cmake -E cmake_link_script CMakeFiles/cmTC_a297f.dir/link.txt --verbose=1
/usr/bin/cc      -rdynamic CMakeFiles/cmTC_a297f.dir/CheckSymbolExists.c.o  -o cmTC_a297f 
CMakeFiles/cmTC_a297f.dir/CheckSymbolExists.c.o：在函数‘main’中：
CheckSymbolExists.c:(.text+0x1b)：对‘pthread_create’未定义的引用
collect2: error: ld returned 1 exit status
CMakeFiles/cmTC_a297f.dir/build.make:97: recipe for target 'cmTC_a297f' failed
make[1]: *** [cmTC_a297f] Error 1
make[1]: 离开目录“/home/lbz/github/all/review/muduo库/build/release-cpp11/CMakeFiles/CMakeTmp”
Makefile:126: recipe for target 'cmTC_a297f/fast' failed
make: *** [cmTC_a297f/fast] Error 2

File /home/lbz/github/all/review/muduo库/build/release-cpp11/CMakeFiles/CMakeTmp/CheckSymbolExists.c:
/* */
#include <pthread.h>

int main(int argc, char** argv)
{
  (void)argv;
#ifndef pthread_create
  return ((int*)(&pthread_create))[argc];
#else
  (void)argc;
  return 0;
#endif
}

Determining if the function pthread_create exists in the pthreads failed with the following output:
Change Dir: /home/lbz/github/all/review/muduo库/build/release-cpp11/CMakeFiles/CMakeTmp

Run Build Command:"/usr/bin/make" "cmTC_02ebf/fast"
/usr/bin/make -f CMakeFiles/cmTC_02ebf.dir/build.make CMakeFiles/cmTC_02ebf.dir/build
make[1]: 进入目录“/home/lbz/github/all/review/muduo库/build/release-cpp11/CMakeFiles/CMakeTmp”
Building C object CMakeFiles/cmTC_02ebf.dir/CheckFunctionExists.c.o
/usr/bin/cc   -DCHECK_FUNCTION_EXISTS=pthread_create   -o CMakeFiles/cmTC_02ebf.dir/CheckFunctionExists.c.o   -c /usr/share/cmake-3.10/Modules/CheckFunctionExists.c
Linking C executable cmTC_02ebf
/usr/bin/cmake -E cmake_link_script CMakeFiles/cmTC_02ebf.dir/link.txt --verbose=1
/usr/bin/cc  -DCHECK_FUNCTION_EXISTS=pthread_create    -rdynamic CMakeFiles/cmTC_02ebf.dir/CheckFunctionExists.c.o  -o cmTC_02ebf -lpthreads 
/usr/bin/ld: 找不到 -lpthreads
collect2: error: ld returned 1 exit status
CMakeFiles/cmTC_02ebf.dir/build.make:97: recipe for target 'cmTC_02ebf' failed
make[1]: *** [cmTC_02ebf] Error 1
make[1]: 离开目录“/home/lbz/github/all/review/muduo库/build/release-cpp11/CMakeFiles/CMakeTmp”
Makefile:126: recipe for target 'cmTC_02ebf/fast' failed
make: *** [cmTC_02ebf/fast] Error 2


